2016-04-06 21:08:24 5664 [Note] Plugin 'FEDERATED' is disabled.
2016-04-06 21:08:25 5664 [Note] InnoDB: Using atomics to ref count buffer pool pages
2016-04-06 21:08:25 5664 [Note] InnoDB: The InnoDB memory heap is disabled
2016-04-06 21:08:25 5664 [Note] InnoDB: Mutexes and rw_locks use Windows interlocked functions
2016-04-06 21:08:25 5664 [Note] InnoDB: Compressed tables use zlib 1.2.3
2016-04-06 21:08:25 5664 [Note] InnoDB: Not using CPU crc32 instructions
2016-04-06 21:08:25 5664 [Note] InnoDB: Initializing buffer pool, size = 128.0M
2016-04-06 21:08:25 5664 [Note] InnoDB: Completed initialization of buffer pool
2016-04-06 21:08:25 5664 [Note] InnoDB: Highest supported file format is Barracuda.
2016-04-06 21:08:26 5664 [Note] InnoDB: 128 rollback segment(s) are active.
2016-04-06 21:08:26 5664 [Note] InnoDB: Waiting for purge to start
2016-04-06 21:08:26 5664 [Note] InnoDB: 5.6.17 started; log sequence number 1625977
2016-04-06 21:08:26 5664 [Warning] No existing UUID has been found, so we assume that this is the first time that this server has been started. Generating a new UUID: fee66cc5-fc6d-11e5-bb93-acb57dac0928.
2016-04-06 21:08:26 5664 [Note] Server hostname (bind-address): '*'; port: 3306
2016-04-06 21:08:26 5664 [Note] IPv6 is available.
2016-04-06 21:08:26 5664 [Note]   - '::' resolves to '::';
2016-04-06 21:08:26 5664 [Note] Server socket created on IP: '::'.
2016-04-06 21:08:26 5664 [Note] Event Scheduler: Loaded 0 events
2016-04-06 21:08:26 5664 [Note] wampmysqld64: ready for connections.
Version: '5.6.17'  socket: ''  port: 3306  MySQL Community Server (GPL)
2016-04-13 23:03:06 5664 [Note] wampmysqld64: Normal shutdown

2016-04-13 23:03:07 5664 [Note] Giving 0 client threads a chance to die gracefully
2016-04-13 23:03:07 5664 [Note] Event Scheduler: Purging the queue. 0 events
2016-04-13 23:03:07 5664 [Note] Shutting down slave threads
2016-04-13 23:03:07 5664 [Note] Forcefully disconnecting 0 remaining clients
2016-04-13 23:03:07 5664 [Note] Binlog end
2016-04-13 23:03:08 5664 [Note] Shutting down plugin 'partition'
2016-04-13 23:03:08 5664 [Note] Shutting down plugin 'PERFORMANCE_SCHEMA'
2016-04-13 23:03:09 5664 [Note] Shutting down plugin 'INNODB_SYS_DATAFILES'
2016-04-13 23:03:09 5664 [Note] Shutting down plugin 'INNODB_SYS_TABLESPACES'
2016-04-13 23:03:09 5664 [Note] Shutting down plugin 'INNODB_SYS_FOREIGN_COLS'
2016-04-13 23:03:09 5664 [Note] Shutting down plugin 'INNODB_SYS_FOREIGN'
2016-04-13 23:03:09 5664 [Note] Shutting down plugin 'INNODB_SYS_FIELDS'
2016-04-13 23:03:09 5664 [Note] Shutting down plugin 'INNODB_SYS_COLUMNS'
2016-04-13 23:03:09 5664 [Note] Shutting down plugin 'INNODB_SYS_INDEXES'
2016-04-13 23:03:09 5664 [Note] Shutting down plugin 'INNODB_SYS_TABLESTATS'
2016-04-13 23:03:09 5664 [Note] Shutting down plugin 'INNODB_SYS_TABLES'
2016-04-13 23:03:09 5664 [Note] Shutting down plugin 'INNODB_FT_INDEX_TABLE'
2016-04-13 23:03:09 5664 [Note] Shutting down plugin 'INNODB_FT_INDEX_CACHE'
2016-04-13 23:03:09 5664 [Note] Shutting down plugin 'INNODB_FT_CONFIG'
2016-04-13 23:03:09 5664 [Note] Shutting down plugin 'INNODB_FT_BEING_DELETED'
2016-04-13 23:03:09 5664 [Note] Shutting down plugin 'INNODB_FT_DELETED'
2016-04-13 23:03:09 5664 [Note] Shutting down plugin 'INNODB_FT_DEFAULT_STOPWORD'
2016-04-13 23:03:09 5664 [Note] Shutting down plugin 'INNODB_METRICS'
2016-04-13 23:03:09 5664 [Note] Shutting down plugin 'INNODB_BUFFER_POOL_STATS'
2016-04-13 23:03:09 5664 [Note] Shutting down plugin 'INNODB_BUFFER_PAGE_LRU'
2016-04-13 23:03:09 5664 [Note] Shutting down plugin 'INNODB_BUFFER_PAGE'
2016-04-13 23:03:09 5664 [Note] Shutting down plugin 'INNODB_CMP_PER_INDEX_RESET'
2016-04-13 23:03:09 5664 [Note] Shutting down plugin 'INNODB_CMP_PER_INDEX'
2016-04-13 23:03:09 5664 [Note] Shutting down plugin 'INNODB_CMPMEM_RESET'
2016-04-13 23:03:09 5664 [Note] Shutting down plugin 'INNODB_CMPMEM'
2016-04-13 23:03:09 5664 [Note] Shutting down plugin 'INNODB_CMP_RESET'
2016-04-13 23:03:09 5664 [Note] Shutting down plugin 'INNODB_CMP'
2016-04-13 23:03:09 5664 [Note] Shutting down plugin 'INNODB_LOCK_WAITS'
2016-04-13 23:03:09 5664 [Note] Shutting down plugin 'INNODB_LOCKS'
2016-04-13 23:03:09 5664 [Note] Shutting down plugin 'INNODB_TRX'
2016-04-13 23:03:09 5664 [Note] Shutting down plugin 'InnoDB'
2016-04-13 23:03:09 5664 [Note] InnoDB: FTS optimize thread exiting.
2016-04-13 23:03:09 5664 [Note] InnoDB: Starting shutdown...
2016-04-13 23:03:16 5664 [Note] InnoDB: Shutdown completed; log sequence number 2621546
2016-04-13 23:03:16 5664 [Note] Shutting down plugin 'BLACKHOLE'
2016-04-13 23:03:16 5664 [Note] Shutting down plugin 'ARCHIVE'
2016-04-13 23:03:16 5664 [Note] Shutting down plugin 'MRG_MYISAM'
2016-04-13 23:03:16 5664 [Note] Shutting down plugin 'MyISAM'
2016-04-13 23:03:17 5664 [Note] Shutting down plugin 'MEMORY'
2016-04-13 23:03:17 5664 [Note] Shutting down plugin 'CSV'
2016-04-13 23:03:17 5664 [Note] Shutting down plugin 'sha256_password'
2016-04-13 23:03:17 5664 [Note] Shutting down plugin 'mysql_old_password'
2016-04-13 23:03:17 5664 [Note] Shutting down plugin 'mysql_native_password'
2016-04-13 23:03:17 5664 [Note] Shutting down plugin 'binlog'
2016-04-13 23:03:17 5664 [Note] wampmysqld64: Shutdown complete

2016-05-09 20:34:41 8912 [Note] Plugin 'FEDERATED' is disabled.
2016-05-09 20:34:42 8912 [Note] InnoDB: Using atomics to ref count buffer pool pages
2016-05-09 20:34:42 8912 [Note] InnoDB: The InnoDB memory heap is disabled
2016-05-09 20:34:42 8912 [Note] InnoDB: Mutexes and rw_locks use Windows interlocked functions
2016-05-09 20:34:42 8912 [Note] InnoDB: Compressed tables use zlib 1.2.3
2016-05-09 20:34:42 8912 [Note] InnoDB: Not using CPU crc32 instructions
2016-05-09 20:34:42 8912 [Note] InnoDB: Initializing buffer pool, size = 128.0M
2016-05-09 20:34:42 8912 [Note] InnoDB: Completed initialization of buffer pool
2016-05-09 20:34:42 8912 [Note] InnoDB: Highest supported file format is Barracuda.
2016-05-09 20:34:47 8912 [Note] InnoDB: 128 rollback segment(s) are active.
2016-05-09 20:34:48 8912 [Note] InnoDB: Waiting for purge to start
2016-05-09 20:34:48 8912 [Note] InnoDB: 5.6.17 started; log sequence number 2621546
2016-05-09 20:34:49 8912 [Note] Server hostname (bind-address): '*'; port: 3306
2016-05-09 20:34:49 8912 [Note] IPv6 is available.
2016-05-09 20:34:49 8912 [Note]   - '::' resolves to '::';
2016-05-09 20:34:49 8912 [Note] Server socket created on IP: '::'.
2016-05-09 20:34:52 8912 [Note] Event Scheduler: Loaded 0 events
2016-05-09 20:34:52 8912 [Note] wampmysqld64: ready for connections.
Version: '5.6.17'  socket: ''  port: 3306  MySQL Community Server (GPL)
2016-10-07 21:07:41 3144 [Note] Plugin 'FEDERATED' is disabled.
2016-10-07 21:07:41 3144 [Note] InnoDB: Using atomics to ref count buffer pool pages
2016-10-07 21:07:41 3144 [Note] InnoDB: The InnoDB memory heap is disabled
2016-10-07 21:07:41 3144 [Note] InnoDB: Mutexes and rw_locks use Windows interlocked functions
2016-10-07 21:07:41 3144 [Note] InnoDB: Compressed tables use zlib 1.2.3
2016-10-07 21:07:41 3144 [Note] InnoDB: Not using CPU crc32 instructions
2016-10-07 21:07:41 3144 [Note] InnoDB: Initializing buffer pool, size = 128.0M
2016-10-07 21:07:41 3144 [Note] InnoDB: Completed initialization of buffer pool
2016-10-07 21:07:41 3144 [Note] InnoDB: Highest supported file format is Barracuda.
2016-10-07 21:07:41 3144 [Note] InnoDB: The log sequence numbers 2621546 and 2621546 in ibdata files do not match the log sequence number 3410526 in the ib_logfiles!
2016-10-07 21:07:41 3144 [Note] InnoDB: Database was not shutdown normally!
2016-10-07 21:07:41 3144 [Note] InnoDB: Starting crash recovery.
2016-10-07 21:07:41 3144 [Note] InnoDB: Reading tablespace information from the .ibd files...
2016-10-07 21:07:42 3144 [Note] InnoDB: Restoring possible half-written data pages 
2016-10-07 21:07:42 3144 [Note] InnoDB: from the doublewrite buffer...
2016-10-07 21:07:45 3144 [Note] InnoDB: 128 rollback segment(s) are active.
2016-10-07 21:07:45 3144 [Note] InnoDB: Waiting for purge to start
2016-10-07 21:07:45 3144 [Note] InnoDB: 5.6.17 started; log sequence number 3410526
2016-10-07 21:07:45 3144 [Note] Server hostname (bind-address): '*'; port: 3306
2016-10-07 21:07:45 3144 [Note] IPv6 is available.
2016-10-07 21:07:45 3144 [Note]   - '::' resolves to '::';
2016-10-07 21:07:45 3144 [Note] Server socket created on IP: '::'.
2016-10-07 21:07:47 3144 [Note] Event Scheduler: Loaded 0 events
2016-10-07 21:07:47 3144 [Note] wampmysqld64: ready for connections.
Version: '5.6.17'  socket: ''  port: 3306  MySQL Community Server (GPL)
2016-10-31 23:28:30 c18  InnoDB: Error: in ALTER TABLE `sfrs`.`role`
InnoDB: has or is referenced in foreign key constraints
InnoDB: which are not compatible with the new table definition.
2016-11-10 21:52:42 8140 [Note] Plugin 'FEDERATED' is disabled.
2016-11-10 21:52:42 8140 [Note] InnoDB: Using atomics to ref count buffer pool pages
2016-11-10 21:52:42 8140 [Note] InnoDB: The InnoDB memory heap is disabled
2016-11-10 21:52:42 8140 [Note] InnoDB: Mutexes and rw_locks use Windows interlocked functions
2016-11-10 21:52:42 8140 [Note] InnoDB: Compressed tables use zlib 1.2.3
2016-11-10 21:52:42 8140 [Note] InnoDB: Not using CPU crc32 instructions
2016-11-10 21:52:42 8140 [Note] InnoDB: Initializing buffer pool, size = 128.0M
2016-11-10 21:52:42 8140 [Note] InnoDB: Completed initialization of buffer pool
2016-11-10 21:52:43 8140 [Note] InnoDB: Highest supported file format is Barracuda.
2016-11-10 21:52:43 8140 [Note] InnoDB: The log sequence numbers 2621546 and 2621546 in ibdata files do not match the log sequence number 5787750 in the ib_logfiles!
2016-11-10 21:52:43 8140 [Note] InnoDB: Database was not shutdown normally!
2016-11-10 21:52:43 8140 [Note] InnoDB: Starting crash recovery.
2016-11-10 21:52:43 8140 [Note] InnoDB: Reading tablespace information from the .ibd files...
2016-11-10 21:52:44 8140 [Note] InnoDB: Restoring possible half-written data pages 
2016-11-10 21:52:44 8140 [Note] InnoDB: from the doublewrite buffer...
2016-11-10 21:52:45 8140 [Note] InnoDB: 128 rollback segment(s) are active.
2016-11-10 21:52:45 8140 [Note] InnoDB: Waiting for purge to start
2016-11-10 21:52:45 8140 [Note] InnoDB: 5.6.17 started; log sequence number 5787750
2016-11-10 21:52:46 8140 [Note] Server hostname (bind-address): '*'; port: 3306
2016-11-10 21:52:46 8140 [Note] IPv6 is available.
2016-11-10 21:52:46 8140 [Note]   - '::' resolves to '::';
2016-11-10 21:52:46 8140 [Note] Server socket created on IP: '::'.
2016-11-10 21:52:48 8140 [Note] Event Scheduler: Loaded 0 events
2016-11-10 21:52:48 8140 [Note] wampmysqld64: ready for connections.
Version: '5.6.17'  socket: ''  port: 3306  MySQL Community Server (GPL)
2016-11-16 20:37:27 8140 [Note] wampmysqld64: Normal shutdown

2016-11-16 20:37:27 8140 [Note] Giving 0 client threads a chance to die gracefully
2016-11-16 20:37:27 8140 [Note] Event Scheduler: Purging the queue. 0 events
2016-11-16 20:37:27 8140 [Note] Shutting down slave threads
2016-11-16 20:37:27 8140 [Note] Forcefully disconnecting 0 remaining clients
2016-11-16 20:37:27 8140 [Note] Binlog end
2016-11-16 20:37:28 8140 [Note] Shutting down plugin 'partition'
2016-11-16 20:37:28 8140 [Note] Shutting down plugin 'PERFORMANCE_SCHEMA'
2016-11-16 20:37:28 8140 [Note] Shutting down plugin 'INNODB_SYS_DATAFILES'
2016-11-16 20:37:28 8140 [Note] Shutting down plugin 'INNODB_SYS_TABLESPACES'
2016-11-16 20:37:28 8140 [Note] Shutting down plugin 'INNODB_SYS_FOREIGN_COLS'
2016-11-16 20:37:28 8140 [Note] Shutting down plugin 'INNODB_SYS_FOREIGN'
2016-11-16 20:37:28 8140 [Note] Shutting down plugin 'INNODB_SYS_FIELDS'
2016-11-16 20:37:28 8140 [Note] Shutting down plugin 'INNODB_SYS_COLUMNS'
2016-11-16 20:37:28 8140 [Note] Shutting down plugin 'INNODB_SYS_INDEXES'
2016-11-16 20:37:28 8140 [Note] Shutting down plugin 'INNODB_SYS_TABLESTATS'
2016-11-16 20:37:28 8140 [Note] Shutting down plugin 'INNODB_SYS_TABLES'
2016-11-16 20:37:28 8140 [Note] Shutting down plugin 'INNODB_FT_INDEX_TABLE'
2016-11-16 20:37:28 8140 [Note] Shutting down plugin 'INNODB_FT_INDEX_CACHE'
2016-11-16 20:37:28 8140 [Note] Shutting down plugin 'INNODB_FT_CONFIG'
2016-11-16 20:37:28 8140 [Note] Shutting down plugin 'INNODB_FT_BEING_DELETED'
2016-11-16 20:37:28 8140 [Note] Shutting down plugin 'INNODB_FT_DELETED'
2016-11-16 20:37:28 8140 [Note] Shutting down plugin 'INNODB_FT_DEFAULT_STOPWORD'
2016-11-16 20:37:28 8140 [Note] Shutting down plugin 'INNODB_METRICS'
2016-11-16 20:37:28 8140 [Note] Shutting down plugin 'INNODB_BUFFER_POOL_STATS'
2016-11-16 20:37:28 8140 [Note] Shutting down plugin 'INNODB_BUFFER_PAGE_LRU'
2016-11-16 20:37:28 8140 [Note] Shutting down plugin 'INNODB_BUFFER_PAGE'
2016-11-16 20:37:28 8140 [Note] Shutting down plugin 'INNODB_CMP_PER_INDEX_RESET'
2016-11-16 20:37:28 8140 [Note] Shutting down plugin 'INNODB_CMP_PER_INDEX'
2016-11-16 20:37:28 8140 [Note] Shutting down plugin 'INNODB_CMPMEM_RESET'
2016-11-16 20:37:28 8140 [Note] Shutting down plugin 'INNODB_CMPMEM'
2016-11-16 20:37:28 8140 [Note] Shutting down plugin 'INNODB_CMP_RESET'
2016-11-16 20:37:28 8140 [Note] Shutting down plugin 'INNODB_CMP'
2016-11-16 20:37:28 8140 [Note] Shutting down plugin 'INNODB_LOCK_WAITS'
2016-11-16 20:37:28 8140 [Note] Shutting down plugin 'INNODB_LOCKS'
2016-11-16 20:37:28 8140 [Note] Shutting down plugin 'INNODB_TRX'
2016-11-16 20:37:28 8140 [Note] Shutting down plugin 'InnoDB'
2016-11-16 20:37:28 8140 [Note] InnoDB: FTS optimize thread exiting.
2016-11-16 20:37:28 8140 [Note] InnoDB: Starting shutdown...
2016-11-16 20:37:28 8140 [Note] InnoDB: Shutdown completed; log sequence number 5918032
2016-11-16 20:37:28 8140 [Note] Shutting down plugin 'BLACKHOLE'
2016-11-16 20:37:28 8140 [Note] Shutting down plugin 'ARCHIVE'
2016-11-16 20:37:28 8140 [Note] Shutting down plugin 'MRG_MYISAM'
2016-11-16 20:37:29 8140 [Note] Shutting down plugin 'MyISAM'
2016-11-16 20:37:29 8140 [Note] Shutting down plugin 'MEMORY'
2016-11-16 20:37:29 8140 [Note] Shutting down plugin 'CSV'
2016-11-16 20:37:29 8140 [Note] Shutting down plugin 'sha256_password'
2016-11-16 20:37:29 8140 [Note] Shutting down plugin 'mysql_old_password'
2016-11-16 20:37:29 8140 [Note] Shutting down plugin 'mysql_native_password'
2016-11-16 20:37:29 8140 [Note] Shutting down plugin 'binlog'
2016-11-16 20:37:29 8140 [Note] wampmysqld64: Shutdown complete

